<?xml version="1.0" encoding="UTF-8"?>
<!-- Generated by org.testng.reporters.JUnitXMLReporter -->
<testsuite hostname="DESKTOP-6QHHG6I" name="Test - Parallel Execution" tests="2" failures="0" timestamp="5 Jul 2019 14:19:21 GMT" time="30.306" errors="0">
  <testcase name="runCukes" time="29.989" classname="com.directLine.vehicleExistence.runners.VehicleSearchFeatureRunner"/>
  <testcase name="runCukes" time="30.242" classname="com.directLine.vehicleExistence.runners.VehicleSearchFailureFeatureRunner"/>
</testsuite> <!-- Test - Parallel Execution -->
