<?xml version="1.0" encoding="UTF-8"?>
<!-- Generated by org.testng.reporters.JUnitXMLReporter -->
<testsuite hostname="DESKTOP-6QHHG6I" name="Test" tests="2" failures="0" timestamp="5 Jul 2019 15:47:51 GMT" time="110.446" errors="0">
  <testcase name="runCukes" time="61.818" classname="com.directLine.vehicleExistence.runners.VehicleSearchFailureFeatureRunner"/>
  <testcase name="runCukes" time="110.391" classname="com.directLine.vehicleExistence.runners.VehicleSearchFeatureRunner"/>
</testsuite> <!-- Test -->
