<?xml version="1.0" encoding="UTF-8"?>
<!-- Generated by org.testng.reporters.JUnitXMLReporter -->
<testsuite hostname="DESKTOP-6QHHG6I" name="Test" tests="2" failures="0" timestamp="5 Jul 2019 14:14:54 GMT" time="44.906" errors="0">
  <testcase name="runCukes" time="44.828" classname="com.directLine.vehicleExistence.runners.VehicleSearchFeatureRunner"/>
  <testcase name="runCukes" time="44.859" classname="com.directLine.vehicleExistence.runners.VehicleSearchFailureFeatureRunner"/>
</testsuite> <!-- Test -->
