<?xml version="1.0" encoding="UTF-8"?>
<testng-results skipped="0" failed="0" total="2" passed="2">
  <reporter-output>
  </reporter-output>
  <suite name="Suite" duration-ms="110446" started-at="2019-07-05T15:45:56Z" finished-at="2019-07-05T15:47:47Z">
    <groups>
    </groups>
    <test name="Test" duration-ms="110446" started-at="2019-07-05T15:45:56Z" finished-at="2019-07-05T15:47:47Z">
      <class name="com.directLine.vehicleExistence.runners.VehicleSearchFailureFeatureRunner">
        <test-method status="PASS" signature="runCukes()[pri:0, instance:com.directLine.vehicleExistence.runners.VehicleSearchFailureFeatureRunner@735f7ae5]" name="runCukes" duration-ms="61818" started-at="2019-07-05T16:45:56Z" finished-at="2019-07-05T16:46:58Z">
          <reporter-output>
          </reporter-output>
        </test-method> <!-- runCukes -->
      </class> <!-- com.directLine.vehicleExistence.runners.VehicleSearchFailureFeatureRunner -->
      <class name="com.directLine.vehicleExistence.runners.VehicleSearchFeatureRunner">
        <test-method status="PASS" signature="runCukes()[pri:0, instance:com.directLine.vehicleExistence.runners.VehicleSearchFeatureRunner@4e04a765]" name="runCukes" duration-ms="110391" started-at="2019-07-05T16:45:56Z" finished-at="2019-07-05T16:47:47Z">
          <reporter-output>
          </reporter-output>
        </test-method> <!-- runCukes -->
      </class> <!-- com.directLine.vehicleExistence.runners.VehicleSearchFeatureRunner -->
    </test> <!-- Test -->
  </suite> <!-- Suite -->
</testng-results>
